<?xml version="1.0" encoding="UTF-8"?>
<!-- Generated by org.testng.reporters.JUnitReportReporter -->
<testsuite hostname="RameshCh" failures="0" tests="1" name="com.testcases.TS_03_Verify_Opencart_RegisterPageTests" time="12.333" errors="0" timestamp="2024-06-22T19:05:25 MST" skipped="0">
  <testcase classname="com.testcases.TS_03_Verify_Opencart_RegisterPageTests" name="registerNewAccountTest" time="12.333"/>
</testsuite> <!-- com.testcases.TS_03_Verify_Opencart_RegisterPageTests -->
