<?xml version="1.0" encoding="UTF-8"?>
<!-- Generated by org.testng.reporters.JUnitReportReporter -->
<testsuite hostname="RameshCh" failures="0" tests="7" name="com.testcases.TS_02_Verify_Opencart_LoginPageTests" time="57.639" errors="0" timestamp="2024-06-21T18:43:07 MST" skipped="0">
  <testcase classname="com.testcases.TS_02_Verify_Opencart_LoginPageTests" name="navigateToRegisterPageTest" time="10.234"/>
  <testcase classname="com.testcases.TS_02_Verify_Opencart_LoginPageTests" name="navigateToForgotPasswordPageTest" time="15.097"/>
  <testcase classname="com.testcases.TS_02_Verify_Opencart_LoginPageTests" name="verifyLoginBreadCrumbExists" time="5.849"/>
  <testcase classname="com.testcases.TS_02_Verify_Opencart_LoginPageTests" name="verifyNewCustomerHeaderExists" time="5.975"/>
  <testcase classname="com.testcases.TS_02_Verify_Opencart_LoginPageTests" name="loginTest" time="8.177"/>
  <testcase classname="com.testcases.TS_02_Verify_Opencart_LoginPageTests" name="verifyReturningCustomerHeaderExists" time="6.424"/>
  <testcase classname="com.testcases.TS_02_Verify_Opencart_LoginPageTests" name="loginPageTitleTest" time="5.883"/>
</testsuite> <!-- com.testcases.TS_02_Verify_Opencart_LoginPageTests -->
