<?xml version="1.0" encoding="UTF-8"?>
<!-- Generated by org.testng.reporters.JUnitReportReporter -->
<testsuite hostname="RameshCh" failures="0" tests="9" name="com.testcases.TS_01_Verify_Opencart_HomePageTests" time="37.067" errors="0" timestamp="2024-06-21T18:58:09 MST" skipped="0">
  <testcase classname="com.testcases.TS_01_Verify_Opencart_HomePageTests" name="verifyOpenCartLogoTest" time="2.692"/>
  <testcase classname="com.testcases.TS_01_Verify_Opencart_HomePageTests" name="navigateToRegisterPageTest" time="4.883"/>
  <testcase classname="com.testcases.TS_01_Verify_Opencart_HomePageTests" name="navigateToLoginPageTest" time="4.796"/>
  <testcase classname="com.testcases.TS_01_Verify_Opencart_HomePageTests" name="featuredSectioncardsCountTest" time="2.470"/>
  <testcase classname="com.testcases.TS_01_Verify_Opencart_HomePageTests" name="homePageURLTest" time="2.360"/>
  <testcase classname="com.testcases.TS_01_Verify_Opencart_HomePageTests" name="homePageTitleTest" time="2.377"/>
  <testcase classname="com.testcases.TS_01_Verify_Opencart_HomePageTests" name="searchTest" time="4.441"/>
  <testcase classname="com.testcases.TS_01_Verify_Opencart_HomePageTests" name="searchTest" time="4.300"/>
  <testcase classname="com.testcases.TS_01_Verify_Opencart_HomePageTests" name="searchTest" time="8.748"/>
</testsuite> <!-- com.testcases.TS_01_Verify_Opencart_HomePageTests -->
