<?xml version="1.0" encoding="UTF-8"?>
<!-- Generated by org.testng.reporters.JUnitReportReporter -->
<testsuite hostname="RameshCh" failures="0" tests="7" name="com.testcases.TS_02_Verify_Opencart_LoginPageTests" time="54.451" errors="0" timestamp="2024-06-22T19:38:19 MST" skipped="0">
  <testcase classname="com.testcases.TS_02_Verify_Opencart_LoginPageTests" name="verifyReturningCustomerHeaderExists" time="6.217"/>
  <testcase classname="com.testcases.TS_02_Verify_Opencart_LoginPageTests" name="loginPageTitleTest" time="4.344"/>
  <testcase classname="com.testcases.TS_02_Verify_Opencart_LoginPageTests" name="loginTest" time="8.053"/>
  <testcase classname="com.testcases.TS_02_Verify_Opencart_LoginPageTests" name="verifyLoginBreadCrumbExists" time="13.253"/>
  <testcase classname="com.testcases.TS_02_Verify_Opencart_LoginPageTests" name="verifyNewCustomerHeaderExists" time="6.810"/>
  <testcase classname="com.testcases.TS_02_Verify_Opencart_LoginPageTests" name="navigateToForgotPasswordPageTest" time="7.454"/>
  <testcase classname="com.testcases.TS_02_Verify_Opencart_LoginPageTests" name="navigateToRegisterPageTest" time="8.320"/>
</testsuite> <!-- com.testcases.TS_02_Verify_Opencart_LoginPageTests -->
